/vol/synopsys/fpga/O-2018.09-SP1/bin/m_altera  -prodtype  synplify_premier  -encrypt  -pro  -rundir  /home/gfa2226/fpga/matmul/syn/rev_1   -part EP4CE6EA22-7    -maxfan 30 -verification_mode 0 -infer_seqShift -pipe -fixgatedclocks 1 -fixgeneratedclocks 1 -syn_altera_model on -mif_files_dirs " " -synthesis_strategy advanced -continue_on_error -validate_mif_files -reporting_ctd 0 -RWCheckOnRam 1 -summaryfile /home/gfa2226/fpga/matmul/syn/rev_1/synlog/report/matmul_fpga_mapper.xml -merge_inferred_clocks 0  -map  -licensetype  synplifypremierdp  -flow mapping  -mp  4  -prjfile  /home/gfa2226/fpga/matmul/syn/rev_1/scratchproject.prs  -implementation  rev_1  -multisrs  -vqm41  -ovqm  /home/gfa2226/fpga/matmul/syn/rev_1/matmul.vqm   -autoconstraint  -freq 1.000   /home/gfa2226/fpga/matmul/syn/rev_1/synwork/matmul_prem.srd  -sap  /home/gfa2226/fpga/matmul/syn/rev_1/matmul.sap  -otap  /home/gfa2226/fpga/matmul/syn/rev_1/matmul.tap  -omap  /home/gfa2226/fpga/matmul/syn/rev_1/matmul.map  -devicelib  /vol/synopsys/fpga/O-2018.09-SP1/lib/altera/altera.v  -devicelib  /vol/synopsys/fpga/O-2018.09-SP1/lib/altera/quartus_prime181/cycloneive.v  -devicelib  /vol/synopsys/fpga/O-2018.09-SP1/lib/altera/quartus_prime181/altera_mf.v  -devicelib  /vol/synopsys/fpga/O-2018.09-SP1/lib/altera/quartus_prime181/altera_lpm.v  -devicelib  /vol/synopsys/fpga/O-2018.09-SP1/lib/altera/quartus_prime181/altera_primitives.v  -sap  /home/gfa2226/fpga/matmul/syn/rev_1/matmul.sap  -ologparam  /home/gfa2226/fpga/matmul/syn/rev_1/syntmp/matmul.plg  -osyn  /home/gfa2226/fpga/matmul/syn/rev_1/matmul.srm  -prjdir  /home/gfa2226/fpga/matmul/syn/  -prjname  proj_1  -log  /home/gfa2226/fpga/matmul/syn/rev_1/synlog/matmul_fpga_mapper.srr  -sn  2018.09  -jobname  "fpga_mapper" 
relcom:/vol/synopsys/fpga/O-2018.09-SP1/bin/m_altera -prodtype synplify_premier -encrypt -pro -rundir ../../rev_1 -part EP4CE6EA22-7 -maxfan 30 -verification_mode 0 -infer_seqShift -pipe -fixgatedclocks 1 -fixgeneratedclocks 1 -syn_altera_model on -mif_files_dirs " " -synthesis_strategy advanced -continue_on_error -validate_mif_files -reporting_ctd 0 -RWCheckOnRam 1 -summaryfile ../synlog/report/matmul_fpga_mapper.xml -merge_inferred_clocks 0 -map -licensetype synplifypremierdp -flow mapping -mp 4 -prjfile ../scratchproject.prs -implementation rev_1 -multisrs -vqm41 -ovqm ../matmul.vqm -autoconstraint -freq 1.000 ../synwork/matmul_prem.srd -sap ../matmul.sap -otap ../matmul.tap -omap ../matmul.map -devicelib /vol/synopsys/fpga/O-2018.09-SP1/lib/altera/altera.v -devicelib /vol/synopsys/fpga/O-2018.09-SP1/lib/altera/quartus_prime181/cycloneive.v -devicelib /vol/synopsys/fpga/O-2018.09-SP1/lib/altera/quartus_prime181/altera_mf.v -devicelib /vol/synopsys/fpga/O-2018.09-SP1/lib/altera/quartus_prime181/altera_lpm.v -devicelib /vol/synopsys/fpga/O-2018.09-SP1/lib/altera/quartus_prime181/altera_primitives.v -sap ../matmul.sap -ologparam matmul.plg -osyn ../matmul.srm -prjdir ../../ -prjname proj_1 -log ../synlog/matmul_fpga_mapper.srr -sn 2018.09 -jobname "fpga_mapper"
rc:1 success:1 runtime:1
file:../scratchproject.prs|io:o|time:1674038274|size:1716|exec:0|csum:
file:../matmul.vqm|io:o|time:1674038280|size:103267|exec:0|csum:
file:../synwork/matmul_prem.srd|io:i|time:1674038278|size:8286|exec:0|csum:ABBF97AA00EEE6F16D812C80F4E3C572
file:../matmul.sap|io:o|time:1674038279|size:466|exec:0|csum:
file:../matmul.tap|io:o|time:0|size:-1|exec:0|csum:
file:../matmul.map|io:o|time:1674038280|size:27|exec:0|csum:
file:/vol/synopsys/fpga/O-2018.09-SP1/lib/altera/altera.v|io:i|time:1543381811|size:761|exec:0|csum:530DBF8BEE396EFE8B33F0255371F1EA
file:/vol/synopsys/fpga/O-2018.09-SP1/lib/altera/quartus_prime181/cycloneive.v|io:i|time:1543381840|size:248626|exec:0|csum:B7FC851277DB49C2CA5F418047EB2E4F
file:/vol/synopsys/fpga/O-2018.09-SP1/lib/altera/quartus_prime181/altera_mf.v|io:i|time:1543381839|size:2618882|exec:0|csum:84794777C52804010B1D63698E285DB9
file:/vol/synopsys/fpga/O-2018.09-SP1/lib/altera/quartus_prime181/altera_lpm.v|io:i|time:1543381839|size:14867|exec:0|csum:01D82E1D5975CD832C9D765243E5182D
file:/vol/synopsys/fpga/O-2018.09-SP1/lib/altera/quartus_prime181/altera_primitives.v|io:i|time:1543381839|size:35286|exec:0|csum:C0AAD8CA21730C472D624582C058B929
file:../matmul.sap|io:o|time:1674038279|size:466|exec:0|csum:
file:matmul.plg|io:o|time:1674038280|size:517|exec:0|csum:
file:../matmul.srm|io:o|time:1674038280|size:44643|exec:0|csum:
file:../synlog/matmul_fpga_mapper.srr|io:o|time:1674038280|size:77219|exec:0|csum:
file:/vol/synopsys/fpga/O-2018.09-SP1/linux_a_64/m_altera|io:i|time:1543382473|size:31613712|exec:1|csum:5FBEB6EEDF3364EAF4B7F14711D19D39
file:/vol/synopsys/fpga/O-2018.09-SP1/bin/m_altera|io:i|time:1543381999|size:347|exec:1|csum:04851DFC0CBB288ED81DA3E420127D0D
