
                             Synplify (R) Premier 

                Version O-2018.09-SP1 for RHEL64 - Nov 27, 2018 

                    Copyright (c) 1988 - 2018 Synopsys, Inc.
   This software and the associated documentation are proprietary to Synopsys,
 Inc. This software may only be used in accordance with the terms and conditions
 of a written license agreement with Synopsys, Inc. All other use, reproduction,
            or distribution of this software is strictly prohibited.

Starting:    /vol/synopsys/fpga/O-2018.09-SP1/linux_a_64/mbin/synplify
Install:     /vol/synopsys/fpga/O-2018.09-SP1
Hostname:    joker.ece.northwestern.edu
Date:        Wed Jan 18 16:06:05 2023
Version:     O-2018.09-SP1

Arguments:   -product synplify_premier
ProductType: synplify_premier

License checkout: synplifypremierdp
License: synplifypremierdp from server synopsyslm.ece.northwestern.edu (Using premium license)
Licensed Vendor: All FPGA
License Option: ident



log file: "/home/gfa2226/fpga/matmul/syn/rev_3/matmul_top.srr"
Running: rev_3 in foreground

Running proj_1|rev_3

Running Flow: compile (Compile) on proj_1|rev_3
# Wed Jan 18 16:06:42 2023

Running Flow: compile_flow (Compile Process) on proj_1|rev_3
# Wed Jan 18 16:06:42 2023
License granted for 4 parallel jobs

Running: compiler (Compile Input) on proj_1|rev_3
# Wed Jan 18 16:06:42 2023
Copied /home/gfa2226/fpga/matmul/syn/rev_3/synwork/matmul_top_comp.srs to /home/gfa2226/fpga/matmul/syn/rev_3/matmul_top.srs

compiler completed
# Wed Jan 18 16:06:46 2023

Return Code: 0
Run Time:00h:00m:04s

Running: multi_srs_gen (Multi-srs Generator) on proj_1|rev_3
# Wed Jan 18 16:06:46 2023

multi_srs_gen completed
# Wed Jan 18 16:06:46 2023

Return Code: 0
Run Time:00h:00m:00s
Copied /home/gfa2226/fpga/matmul/syn/rev_3/synwork/matmul_top_mult.srs to /home/gfa2226/fpga/matmul/syn/rev_3/matmul_top.srs
Complete: Compile Process on proj_1|rev_3

Running: premap (Premap) on proj_1|rev_3
# Wed Jan 18 16:06:46 2023

premap completed with warnings
# Wed Jan 18 16:06:46 2023

Return Code: 1
Run Time:00h:00m:00s
Complete: Compile on proj_1|rev_3

Running Flow: map (Map) on proj_1|rev_3
# Wed Jan 18 16:06:46 2023
License granted for 4 parallel jobs

Running: fpga_mapper (Map & Optimize) on proj_1|rev_3
# Wed Jan 18 16:06:46 2023
Copied /home/gfa2226/fpga/matmul/syn/rev_3/synwork/matmul_top_m.srm to /home/gfa2226/fpga/matmul/syn/rev_3/matmul_top.srm

fpga_mapper completed with warnings
# Wed Jan 18 16:06:48 2023

Return Code: 1
Run Time:00h:00m:02s
Complete: Map on proj_1|rev_3
Complete: Logic Synthesis on proj_1|rev_3
0Removed file: /home/gfa2226/fpga/matmul/bram.sv
Removed file: /home/gfa2226/fpga/matmul/bram_block.sv
Removed file: /home/gfa2226/fpga/matmul/matmul.sv
Copied /home/gfa2226/fpga/matmul/syn/rev_3/matmul_top.srr to /home/gfa2226/fpga/matmul/syn/rev_3/backup/matmul_top.srr
log file: "/home/gfa2226/fpga/matmul/syn/rev_3/matmul_top.srr"
Running: rev_3 in foreground

Running proj_1|rev_3

Running Flow: compile (Compile) on proj_1|rev_3
# Wed Jan 18 16:07:56 2023

Running Flow: compile_flow (Compile Process) on proj_1|rev_3
# Wed Jan 18 16:07:56 2023
License granted for 4 parallel jobs

Running: compiler (Compile Input) on proj_1|rev_3
# Wed Jan 18 16:07:56 2023
Copied /home/gfa2226/fpga/matmul/syn/rev_3/synwork/matmul_top_comp.srs to /home/gfa2226/fpga/matmul/syn/rev_3/matmul_top.srs
compiler exited with errors
Job failed on: proj_1|rev_3

Job: "compiler" terminated with error status: 2
See log file: "/home/gfa2226/fpga/matmul/syn/rev_3/synlog/matmul_top_compiler.srr"
# Wed Jan 18 16:08:00 2023

Return Code: 2
Run Time:00h:00m:04s
Complete: Compile Process on proj_1|rev_3
Complete: Compile on proj_1|rev_3
Complete: Logic Synthesis on proj_1|rev_3
0exit status=0
License checkin: synplifypremierdp
