##### START OF AREA REPORT #####[
Design view:work.matmul(verilog)
Selecting part EP4CE6E22A7

Total combinational functions 199 of 6272 ( 3%)
Logic element usage by number of inputs
		  4 input functions 	 21
		  3 input functions 	 47
		  <=2 input functions 	 131
Logic elements by mode
		  normal mode            139
		  arithmetic mode        60
Total registers 44 of 6272 ( 0%)
I/O pins 119 of 180 (66%), total I/O based on largest package of this part.

Number of I/O registers
			Input DDRs    :0
			Output DDRs   :0

DSP.Simple_Multipliers_18_bit: 3
DSP Blocks:     3  (6 nine-bit DSP elements).
DSP Utilization: 20.00% of available 15 blocks (30 nine-bit).
ShiftTap:       0  (0 registers)
Total ESB:      0 bits 

##### END OF AREA REPORT #####]

