/vol/synopsys/fpga/O-2018.09-SP1/bin/m_altera  -prodtype  synplify_premier  -encrypt  -pro  -rundir  /home/gfa2226/fpga/matmul/syn/rev_3   -part EP4CE6EA22-7    -maxfan 30 -verification_mode 0 -infer_seqShift -pipe -fixgatedclocks 1 -fixgeneratedclocks 1 -syn_altera_model on -mif_files_dirs " " -synthesis_strategy advanced -continue_on_error -validate_mif_files -reporting_ctd 0 -RWCheckOnRam 1 -summaryfile /home/gfa2226/fpga/matmul/syn/rev_3/synlog/report/matmul_top_fpga_mapper.xml -merge_inferred_clocks 0  -map  -licensetype  synplifypremierdp  -flow mapping  -mp  4  -prjfile  /home/gfa2226/fpga/matmul/syn/rev_3/scratchproject.prs  -implementation  rev_3  -multisrs  -vqm41  -ovqm  /home/gfa2226/fpga/matmul/syn/rev_3/matmul_top.vqm   -autoconstraint  -freq 1.000   /home/gfa2226/fpga/matmul/syn/rev_3/synwork/matmul_top_prem.srd  -sap  /home/gfa2226/fpga/matmul/syn/rev_3/matmul_top.sap  -otap  /home/gfa2226/fpga/matmul/syn/rev_3/matmul_top.tap  -omap  /home/gfa2226/fpga/matmul/syn/rev_3/matmul_top.map  -devicelib  /vol/synopsys/fpga/O-2018.09-SP1/lib/altera/altera.v  -devicelib  /vol/synopsys/fpga/O-2018.09-SP1/lib/altera/quartus_prime181/cycloneive.v  -devicelib  /vol/synopsys/fpga/O-2018.09-SP1/lib/altera/quartus_prime181/altera_mf.v  -devicelib  /vol/synopsys/fpga/O-2018.09-SP1/lib/altera/quartus_prime181/altera_lpm.v  -devicelib  /vol/synopsys/fpga/O-2018.09-SP1/lib/altera/quartus_prime181/altera_primitives.v  -sap  /home/gfa2226/fpga/matmul/syn/rev_3/matmul_top.sap  -ologparam  /home/gfa2226/fpga/matmul/syn/rev_3/syntmp/matmul_top.plg  -osyn  /home/gfa2226/fpga/matmul/syn/rev_3/matmul_top.srm  -prjdir  /home/gfa2226/fpga/matmul/syn/  -prjname  proj_1  -log  /home/gfa2226/fpga/matmul/syn/rev_3/synlog/matmul_top_fpga_mapper.srr  -sn  2018.09  -jobname  "fpga_mapper" 
relcom:/vol/synopsys/fpga/O-2018.09-SP1/bin/m_altera -prodtype synplify_premier -encrypt -pro -rundir ../../rev_3 -part EP4CE6EA22-7 -maxfan 30 -verification_mode 0 -infer_seqShift -pipe -fixgatedclocks 1 -fixgeneratedclocks 1 -syn_altera_model on -mif_files_dirs " " -synthesis_strategy advanced -continue_on_error -validate_mif_files -reporting_ctd 0 -RWCheckOnRam 1 -summaryfile ../synlog/report/matmul_top_fpga_mapper.xml -merge_inferred_clocks 0 -map -licensetype synplifypremierdp -flow mapping -mp 4 -prjfile ../scratchproject.prs -implementation rev_3 -multisrs -vqm41 -ovqm ../matmul_top.vqm -autoconstraint -freq 1.000 ../synwork/matmul_top_prem.srd -sap ../matmul_top.sap -otap ../matmul_top.tap -omap ../matmul_top.map -devicelib /vol/synopsys/fpga/O-2018.09-SP1/lib/altera/altera.v -devicelib /vol/synopsys/fpga/O-2018.09-SP1/lib/altera/quartus_prime181/cycloneive.v -devicelib /vol/synopsys/fpga/O-2018.09-SP1/lib/altera/quartus_prime181/altera_mf.v -devicelib /vol/synopsys/fpga/O-2018.09-SP1/lib/altera/quartus_prime181/altera_lpm.v -devicelib /vol/synopsys/fpga/O-2018.09-SP1/lib/altera/quartus_prime181/altera_primitives.v -sap ../matmul_top.sap -ologparam matmul_top.plg -osyn ../matmul_top.srm -prjdir ../../ -prjname proj_1 -log ../synlog/matmul_top_fpga_mapper.srr -sn 2018.09 -jobname "fpga_mapper"
rc:1 success:1 runtime:2
file:../scratchproject.prs|io:o|time:1674079602|size:1939|exec:0|csum:
file:../matmul_top.vqm|io:o|time:1674079608|size:190857|exec:0|csum:
file:../synwork/matmul_top_prem.srd|io:i|time:1674079606|size:11058|exec:0|csum:D5D75D8BCB469F9AB4D54BC106E53E94
file:../matmul_top.sap|io:o|time:1674079606|size:673|exec:0|csum:
file:../matmul_top.tap|io:o|time:0|size:-1|exec:0|csum:
file:../matmul_top.map|io:o|time:1674079608|size:27|exec:0|csum:
file:/vol/synopsys/fpga/O-2018.09-SP1/lib/altera/altera.v|io:i|time:1543381811|size:761|exec:0|csum:530DBF8BEE396EFE8B33F0255371F1EA
file:/vol/synopsys/fpga/O-2018.09-SP1/lib/altera/quartus_prime181/cycloneive.v|io:i|time:1543381840|size:248626|exec:0|csum:B7FC851277DB49C2CA5F418047EB2E4F
file:/vol/synopsys/fpga/O-2018.09-SP1/lib/altera/quartus_prime181/altera_mf.v|io:i|time:1543381839|size:2618882|exec:0|csum:84794777C52804010B1D63698E285DB9
file:/vol/synopsys/fpga/O-2018.09-SP1/lib/altera/quartus_prime181/altera_lpm.v|io:i|time:1543381839|size:14867|exec:0|csum:01D82E1D5975CD832C9D765243E5182D
file:/vol/synopsys/fpga/O-2018.09-SP1/lib/altera/quartus_prime181/altera_primitives.v|io:i|time:1543381839|size:35286|exec:0|csum:C0AAD8CA21730C472D624582C058B929
file:../matmul_top.sap|io:o|time:1674079606|size:673|exec:0|csum:
file:matmul_top.plg|io:o|time:1674079608|size:562|exec:0|csum:
file:../matmul_top.srm|io:o|time:1674079608|size:35183|exec:0|csum:
file:../synlog/matmul_top_fpga_mapper.srr|io:o|time:1674079608|size:108653|exec:0|csum:
file:/vol/synopsys/fpga/O-2018.09-SP1/linux_a_64/m_altera|io:i|time:1543382473|size:31613712|exec:1|csum:5FBEB6EEDF3364EAF4B7F14711D19D39
file:/vol/synopsys/fpga/O-2018.09-SP1/bin/m_altera|io:i|time:1543381999|size:347|exec:1|csum:04851DFC0CBB288ED81DA3E420127D0D
